2023-08-20 18:48:24 DEBUG TelegramBot:36 - привет
2023-08-20 19:09:27 DEBUG TelegramBot:33 - привет
2023-08-20 20:48:45 DEBUG TelegramBot:35 - привет
2023-08-21 18:24:28 DEBUG TelegramBot:35 - привет
2023-08-21 19:10:41 DEBUG TelegramBot:45 - привет
2023-08-21 20:01:12 DEBUG TelegramBot:45 - привет
2023-08-21 20:01:24 DEBUG TelegramBot:45 - приве
2023-08-21 20:01:24 DEBUG TelegramBot:45 - привет
2023-08-21 20:15:33 DEBUG UpdateProduceImpl:15 - ghbd
2023-08-24 17:22:02 DEBUG UpdateProduceImpl:15 - привет
2023-08-24 17:22:15 ERROR UpdateController:35 - Unsupported message typeUpdate(updateId=119254360, message=null, inlineQuery=null, chosenInlineQuery=null, callbackQuery=null, editedMessage=Message(messageId=29, from=User(id=549016323, firstName=Артем, isBot=false, lastName=Карпушенко, userName=Fenris066, languageCode=ru, canJoinGroups=null, canReadAllGroupMessages=null, supportInlineQueries=null, isPremium=null, addedToAttachmentMenu=null), date=1692890522, chat=Chat(id=549016323, type=private, title=null, firstName=Артем, lastName=Карпушенко, userName=Fenris066, photo=null, description=null, inviteLink=null, pinnedMessage=null, stickerSetName=null, canSetStickerSet=null, permissions=null, slowModeDelay=null, bio=null, linkedChatId=null, location=null, messageAutoDeleteTime=null, hasPrivateForwards=null, HasProtectedContent=null, joinToSendMessages=null, joinByRequest=null), forwardFrom=null, forwardFromChat=null, forwardDate=null, text=привет оор, entities=null, captionEntities=null, audio=null, document=null, photo=null, sticker=null, video=null, contact=null, location=null, venue=null, animation=null, pinnedMessage=null, newChatMembers=[], leftChatMember=null, newChatTitle=null, newChatPhoto=null, deleteChatPhoto=null, groupchatCreated=null, replyToMessage=null, voice=null, caption=null, superGroupCreated=null, channelChatCreated=null, migrateToChatId=null, migrateFromChatId=null, editDate=1692890535, game=null, forwardFromMessageId=null, invoice=null, successfulPayment=null, videoNote=null, authorSignature=null, forwardSignature=null, mediaGroupId=null, connectedWebsite=null, passportData=null, forwardSenderName=null, poll=null, replyMarkup=null, dice=null, viaBot=null, senderChat=null, proximityAlertTriggered=null, messageAutoDeleteTimerChanged=null, isAutomaticForward=null, hasProtectedContent=null, webAppData=null, videoChatStarted=null, videoChatEnded=null, videoChatParticipantsInvited=null, videoChatScheduled=null), channelPost=null, editedChannelPost=null, shippingQuery=null, preCheckoutQuery=null, poll=null, pollAnswer=null, myChatMember=null, chatMember=null, chatJoinRequest=null)
2023-08-24 17:25:49 DEBUG UpdateProduceImpl:15 - 
2023-08-24 17:29:48 DEBUG UpdateProduceImpl:15 - 
2023-08-24 22:52:14 DEBUG UpdateProduceImpl:19 - hello
2023-08-24 22:55:49 DEBUG UpdateProduceImpl:19 - hello
2023-08-24 22:59:08 DEBUG UpdateProduceImpl:19 - hellp
2023-08-24 23:00:36 DEBUG UpdateProduceImpl:19 - hello
2023-08-24 23:02:45 DEBUG UpdateProduceImpl:19 - hello
2023-08-24 23:09:13 DEBUG UpdateProduceImpl:19 - hello
2023-08-24 23:09:56 DEBUG UpdateProduceImpl:19 - hello
2023-08-24 23:41:15 DEBUG UpdateProduceImpl:19 - hello
2023-08-25 10:35:47 DEBUG UpdateProduceImpl:19 - hello
2023-08-25 10:37:18 DEBUG UpdateProduceImpl:19 - hello
2023-08-25 11:44:13 DEBUG UpdateProduceImpl:19 - hello
2023-08-25 11:52:55 DEBUG UpdateProduceImpl:19 - hello
2023-08-25 11:54:08 DEBUG UpdateProduceImpl:19 - hell
2023-08-25 12:09:33 DEBUG UpdateProduceImpl:19 - руу
2023-08-25 12:22:23 DEBUG UpdateProduceImpl:19 - зз
2023-08-25 12:23:02 DEBUG UpdateProduceImpl:19 - 
2023-08-25 12:24:50 DEBUG UpdateProduceImpl:19 - вп
2023-08-25 12:25:42 DEBUG UpdateProduceImpl:19 - выа
2023-08-25 13:14:29 DEBUG UpdateProduceImpl:19 - kjj
2023-08-25 13:25:42 DEBUG UpdateProduceImpl:19 - фырк
2023-08-25 13:34:48 DEBUG UpdateProduceImpl:19 - привет
2023-08-25 14:48:44 DEBUG UpdateProduceImpl:19 - привет
2023-08-27 20:13:06 DEBUG UpdateProduceImpl:19 - hello
2023-08-29 20:57:54 DEBUG UpdateProduceImpl:19 - hellow
2023-08-29 22:29:26 ERROR UpdateController:35 - Unsupported message typeUpdate(updateId=119254387, message=null, inlineQuery=null, chosenInlineQuery=null, callbackQuery=null, editedMessage=null, channelPost=null, editedChannelPost=null, shippingQuery=null, preCheckoutQuery=null, poll=null, pollAnswer=null, myChatMember=ChatMemberUpdated(chat=Chat(id=549016323, type=private, title=null, firstName=Артем, lastName=Карпушенко, userName=Fenris066, photo=null, description=null, inviteLink=null, pinnedMessage=null, stickerSetName=null, canSetStickerSet=null, permissions=null, slowModeDelay=null, bio=null, linkedChatId=null, location=null, messageAutoDeleteTime=null, hasPrivateForwards=null, HasProtectedContent=null, joinToSendMessages=null, joinByRequest=null), from=User(id=549016323, firstName=Артем, isBot=false, lastName=Карпушенко, userName=Fenris066, languageCode=ru, canJoinGroups=null, canReadAllGroupMessages=null, supportInlineQueries=null, isPremium=null, addedToAttachmentMenu=null), date=1693340966, oldChatMember=ChatMemberMember(status=member, user=User(id=6527097812, firstName=fenris06-telegram-bot, isBot=true, lastName=null, userName=fenris06_telegram_bot, languageCode=null, canJoinGroups=null, canReadAllGroupMessages=null, supportInlineQueries=null, isPremium=null, addedToAttachmentMenu=null)), newChatMember=ChatMemberBanned(status=kicked, user=User(id=6527097812, firstName=fenris06-telegram-bot, isBot=true, lastName=null, userName=fenris06_telegram_bot, languageCode=null, canJoinGroups=null, canReadAllGroupMessages=null, supportInlineQueries=null, isPremium=null, addedToAttachmentMenu=null), untilDate=0), inviteLink=null), chatMember=null, chatJoinRequest=null)
2023-08-29 22:29:28 ERROR UpdateController:35 - Unsupported message typeUpdate(updateId=119254388, message=null, inlineQuery=null, chosenInlineQuery=null, callbackQuery=null, editedMessage=null, channelPost=null, editedChannelPost=null, shippingQuery=null, preCheckoutQuery=null, poll=null, pollAnswer=null, myChatMember=ChatMemberUpdated(chat=Chat(id=549016323, type=private, title=null, firstName=Артем, lastName=Карпушенко, userName=Fenris066, photo=null, description=null, inviteLink=null, pinnedMessage=null, stickerSetName=null, canSetStickerSet=null, permissions=null, slowModeDelay=null, bio=null, linkedChatId=null, location=null, messageAutoDeleteTime=null, hasPrivateForwards=null, HasProtectedContent=null, joinToSendMessages=null, joinByRequest=null), from=User(id=549016323, firstName=Артем, isBot=false, lastName=Карпушенко, userName=Fenris066, languageCode=ru, canJoinGroups=null, canReadAllGroupMessages=null, supportInlineQueries=null, isPremium=null, addedToAttachmentMenu=null), date=1693340969, oldChatMember=ChatMemberBanned(status=kicked, user=User(id=6527097812, firstName=fenris06-telegram-bot, isBot=true, lastName=null, userName=fenris06_telegram_bot, languageCode=null, canJoinGroups=null, canReadAllGroupMessages=null, supportInlineQueries=null, isPremium=null, addedToAttachmentMenu=null), untilDate=0), newChatMember=ChatMemberMember(status=member, user=User(id=6527097812, firstName=fenris06-telegram-bot, isBot=true, lastName=null, userName=fenris06_telegram_bot, languageCode=null, canJoinGroups=null, canReadAllGroupMessages=null, supportInlineQueries=null, isPremium=null, addedToAttachmentMenu=null)), inviteLink=null), chatMember=null, chatJoinRequest=null)
2023-08-29 22:29:29 DEBUG UpdateProduceImpl:19 - /start
2023-08-29 22:29:53 DEBUG UpdateProduceImpl:19 - help
2023-08-29 22:30:22 DEBUG UpdateProduceImpl:19 - /help
2023-08-29 22:30:25 DEBUG UpdateProduceImpl:19 - /help
2023-08-29 22:36:31 ERROR UpdateController:35 - Unsupported message typeUpdate(updateId=119254393, message=null, inlineQuery=null, chosenInlineQuery=null, callbackQuery=null, editedMessage=null, channelPost=null, editedChannelPost=null, shippingQuery=null, preCheckoutQuery=null, poll=null, pollAnswer=null, myChatMember=ChatMemberUpdated(chat=Chat(id=549016323, type=private, title=null, firstName=Артем, lastName=Карпушенко, userName=Fenris066, photo=null, description=null, inviteLink=null, pinnedMessage=null, stickerSetName=null, canSetStickerSet=null, permissions=null, slowModeDelay=null, bio=null, linkedChatId=null, location=null, messageAutoDeleteTime=null, hasPrivateForwards=null, HasProtectedContent=null, joinToSendMessages=null, joinByRequest=null), from=User(id=549016323, firstName=Артем, isBot=false, lastName=Карпушенко, userName=Fenris066, languageCode=ru, canJoinGroups=null, canReadAllGroupMessages=null, supportInlineQueries=null, isPremium=null, addedToAttachmentMenu=null), date=1693341391, oldChatMember=ChatMemberMember(status=member, user=User(id=6527097812, firstName=fenris06-telegram-bot, isBot=true, lastName=null, userName=fenris06_telegram_bot, languageCode=null, canJoinGroups=null, canReadAllGroupMessages=null, supportInlineQueries=null, isPremium=null, addedToAttachmentMenu=null)), newChatMember=ChatMemberBanned(status=kicked, user=User(id=6527097812, firstName=fenris06-telegram-bot, isBot=true, lastName=null, userName=fenris06_telegram_bot, languageCode=null, canJoinGroups=null, canReadAllGroupMessages=null, supportInlineQueries=null, isPremium=null, addedToAttachmentMenu=null), untilDate=0), inviteLink=null), chatMember=null, chatJoinRequest=null)
2023-08-29 22:36:32 ERROR UpdateController:35 - Unsupported message typeUpdate(updateId=119254394, message=null, inlineQuery=null, chosenInlineQuery=null, callbackQuery=null, editedMessage=null, channelPost=null, editedChannelPost=null, shippingQuery=null, preCheckoutQuery=null, poll=null, pollAnswer=null, myChatMember=ChatMemberUpdated(chat=Chat(id=549016323, type=private, title=null, firstName=Артем, lastName=Карпушенко, userName=Fenris066, photo=null, description=null, inviteLink=null, pinnedMessage=null, stickerSetName=null, canSetStickerSet=null, permissions=null, slowModeDelay=null, bio=null, linkedChatId=null, location=null, messageAutoDeleteTime=null, hasPrivateForwards=null, HasProtectedContent=null, joinToSendMessages=null, joinByRequest=null), from=User(id=549016323, firstName=Артем, isBot=false, lastName=Карпушенко, userName=Fenris066, languageCode=ru, canJoinGroups=null, canReadAllGroupMessages=null, supportInlineQueries=null, isPremium=null, addedToAttachmentMenu=null), date=1693341392, oldChatMember=ChatMemberBanned(status=kicked, user=User(id=6527097812, firstName=fenris06-telegram-bot, isBot=true, lastName=null, userName=fenris06_telegram_bot, languageCode=null, canJoinGroups=null, canReadAllGroupMessages=null, supportInlineQueries=null, isPremium=null, addedToAttachmentMenu=null), untilDate=0), newChatMember=ChatMemberMember(status=member, user=User(id=6527097812, firstName=fenris06-telegram-bot, isBot=true, lastName=null, userName=fenris06_telegram_bot, languageCode=null, canJoinGroups=null, canReadAllGroupMessages=null, supportInlineQueries=null, isPremium=null, addedToAttachmentMenu=null)), inviteLink=null), chatMember=null, chatJoinRequest=null)
2023-08-29 22:36:32 DEBUG UpdateProduceImpl:19 - /start
2023-08-29 22:36:40 DEBUG UpdateProduceImpl:19 - /help
2023-08-30 11:58:52 DEBUG UpdateProduceImpl:19 - /help
2023-08-30 12:01:34 DEBUG UpdateProduceImpl:19 - /registration
2023-08-30 12:01:56 ERROR UpdateController:35 - Unsupported message typeUpdate(updateId=119254399, message=null, inlineQuery=null, chosenInlineQuery=null, callbackQuery=null, editedMessage=null, channelPost=null, editedChannelPost=null, shippingQuery=null, preCheckoutQuery=null, poll=null, pollAnswer=null, myChatMember=ChatMemberUpdated(chat=Chat(id=549016323, type=private, title=null, firstName=Артем, lastName=Карпушенко, userName=Fenris066, photo=null, description=null, inviteLink=null, pinnedMessage=null, stickerSetName=null, canSetStickerSet=null, permissions=null, slowModeDelay=null, bio=null, linkedChatId=null, location=null, messageAutoDeleteTime=null, hasPrivateForwards=null, HasProtectedContent=null, joinToSendMessages=null, joinByRequest=null), from=User(id=549016323, firstName=Артем, isBot=false, lastName=Карпушенко, userName=Fenris066, languageCode=ru, canJoinGroups=null, canReadAllGroupMessages=null, supportInlineQueries=null, isPremium=null, addedToAttachmentMenu=null), date=1693389717, oldChatMember=ChatMemberMember(status=member, user=User(id=6527097812, firstName=fenris06-telegram-bot, isBot=true, lastName=null, userName=fenris06_telegram_bot, languageCode=null, canJoinGroups=null, canReadAllGroupMessages=null, supportInlineQueries=null, isPremium=null, addedToAttachmentMenu=null)), newChatMember=ChatMemberBanned(status=kicked, user=User(id=6527097812, firstName=fenris06-telegram-bot, isBot=true, lastName=null, userName=fenris06_telegram_bot, languageCode=null, canJoinGroups=null, canReadAllGroupMessages=null, supportInlineQueries=null, isPremium=null, addedToAttachmentMenu=null), untilDate=0), inviteLink=null), chatMember=null, chatJoinRequest=null)
2023-08-30 12:01:57 ERROR UpdateController:35 - Unsupported message typeUpdate(updateId=119254400, message=null, inlineQuery=null, chosenInlineQuery=null, callbackQuery=null, editedMessage=null, channelPost=null, editedChannelPost=null, shippingQuery=null, preCheckoutQuery=null, poll=null, pollAnswer=null, myChatMember=ChatMemberUpdated(chat=Chat(id=549016323, type=private, title=null, firstName=Артем, lastName=Карпушенко, userName=Fenris066, photo=null, description=null, inviteLink=null, pinnedMessage=null, stickerSetName=null, canSetStickerSet=null, permissions=null, slowModeDelay=null, bio=null, linkedChatId=null, location=null, messageAutoDeleteTime=null, hasPrivateForwards=null, HasProtectedContent=null, joinToSendMessages=null, joinByRequest=null), from=User(id=549016323, firstName=Артем, isBot=false, lastName=Карпушенко, userName=Fenris066, languageCode=ru, canJoinGroups=null, canReadAllGroupMessages=null, supportInlineQueries=null, isPremium=null, addedToAttachmentMenu=null), date=1693389718, oldChatMember=ChatMemberBanned(status=kicked, user=User(id=6527097812, firstName=fenris06-telegram-bot, isBot=true, lastName=null, userName=fenris06_telegram_bot, languageCode=null, canJoinGroups=null, canReadAllGroupMessages=null, supportInlineQueries=null, isPremium=null, addedToAttachmentMenu=null), untilDate=0), newChatMember=ChatMemberMember(status=member, user=User(id=6527097812, firstName=fenris06-telegram-bot, isBot=true, lastName=null, userName=fenris06_telegram_bot, languageCode=null, canJoinGroups=null, canReadAllGroupMessages=null, supportInlineQueries=null, isPremium=null, addedToAttachmentMenu=null)), inviteLink=null), chatMember=null, chatJoinRequest=null)
2023-08-30 12:01:58 DEBUG UpdateProduceImpl:19 - /start
2023-08-30 12:04:22 ERROR UpdateController:35 - Unsupported message typeUpdate(updateId=119254402, message=null, inlineQuery=null, chosenInlineQuery=null, callbackQuery=null, editedMessage=null, channelPost=null, editedChannelPost=null, shippingQuery=null, preCheckoutQuery=null, poll=null, pollAnswer=null, myChatMember=ChatMemberUpdated(chat=Chat(id=549016323, type=private, title=null, firstName=Артем, lastName=Карпушенко, userName=Fenris066, photo=null, description=null, inviteLink=null, pinnedMessage=null, stickerSetName=null, canSetStickerSet=null, permissions=null, slowModeDelay=null, bio=null, linkedChatId=null, location=null, messageAutoDeleteTime=null, hasPrivateForwards=null, HasProtectedContent=null, joinToSendMessages=null, joinByRequest=null), from=User(id=549016323, firstName=Артем, isBot=false, lastName=Карпушенко, userName=Fenris066, languageCode=ru, canJoinGroups=null, canReadAllGroupMessages=null, supportInlineQueries=null, isPremium=null, addedToAttachmentMenu=null), date=1693389863, oldChatMember=ChatMemberMember(status=member, user=User(id=6527097812, firstName=fenris06-telegram-bot, isBot=true, lastName=null, userName=fenris06_telegram_bot, languageCode=null, canJoinGroups=null, canReadAllGroupMessages=null, supportInlineQueries=null, isPremium=null, addedToAttachmentMenu=null)), newChatMember=ChatMemberBanned(status=kicked, user=User(id=6527097812, firstName=fenris06-telegram-bot, isBot=true, lastName=null, userName=fenris06_telegram_bot, languageCode=null, canJoinGroups=null, canReadAllGroupMessages=null, supportInlineQueries=null, isPremium=null, addedToAttachmentMenu=null), untilDate=0), inviteLink=null), chatMember=null, chatJoinRequest=null)
2023-08-30 12:04:24 ERROR UpdateController:35 - Unsupported message typeUpdate(updateId=119254403, message=null, inlineQuery=null, chosenInlineQuery=null, callbackQuery=null, editedMessage=null, channelPost=null, editedChannelPost=null, shippingQuery=null, preCheckoutQuery=null, poll=null, pollAnswer=null, myChatMember=ChatMemberUpdated(chat=Chat(id=549016323, type=private, title=null, firstName=Артем, lastName=Карпушенко, userName=Fenris066, photo=null, description=null, inviteLink=null, pinnedMessage=null, stickerSetName=null, canSetStickerSet=null, permissions=null, slowModeDelay=null, bio=null, linkedChatId=null, location=null, messageAutoDeleteTime=null, hasPrivateForwards=null, HasProtectedContent=null, joinToSendMessages=null, joinByRequest=null), from=User(id=549016323, firstName=Артем, isBot=false, lastName=Карпушенко, userName=Fenris066, languageCode=ru, canJoinGroups=null, canReadAllGroupMessages=null, supportInlineQueries=null, isPremium=null, addedToAttachmentMenu=null), date=1693389865, oldChatMember=ChatMemberBanned(status=kicked, user=User(id=6527097812, firstName=fenris06-telegram-bot, isBot=true, lastName=null, userName=fenris06_telegram_bot, languageCode=null, canJoinGroups=null, canReadAllGroupMessages=null, supportInlineQueries=null, isPremium=null, addedToAttachmentMenu=null), untilDate=0), newChatMember=ChatMemberMember(status=member, user=User(id=6527097812, firstName=fenris06-telegram-bot, isBot=true, lastName=null, userName=fenris06_telegram_bot, languageCode=null, canJoinGroups=null, canReadAllGroupMessages=null, supportInlineQueries=null, isPremium=null, addedToAttachmentMenu=null)), inviteLink=null), chatMember=null, chatJoinRequest=null)
2023-08-30 12:04:24 DEBUG UpdateProduceImpl:19 - /start
2023-08-30 12:04:31 DEBUG UpdateProduceImpl:19 - /help
2023-08-30 12:04:41 DEBUG UpdateProduceImpl:19 - /cancel
2023-08-30 12:04:47 DEBUG UpdateProduceImpl:19 - /help
2023-08-30 12:04:52 DEBUG UpdateProduceImpl:19 - /registration
2023-08-30 12:04:54 DEBUG UpdateProduceImpl:19 - /cancel
2023-08-30 12:04:57 DEBUG UpdateProduceImpl:19 - /help
2023-08-30 12:06:14 DEBUG UpdateProduceImpl:19 - /some command
2023-08-30 12:06:49 DEBUG UpdateProduceImpl:19 - 
2023-08-30 12:13:44 DEBUG UpdateProduceImpl:19 - 
2023-08-30 12:18:15 DEBUG UpdateProduceImpl:19 - 
2023-08-30 12:24:43 DEBUG UpdateProduceImpl:19 - 
2023-08-30 12:25:19 DEBUG UpdateProduceImpl:19 - 
2023-08-30 12:25:58 DEBUG UpdateProduceImpl:19 - 
2023-08-30 15:13:00 DEBUG UpdateProduceImpl:19 - 
2023-08-31 17:53:32 DEBUG UpdateProduceImpl:19 - 
2023-08-31 18:00:30 DEBUG UpdateProduceImpl:19 - 
2023-08-31 18:04:09 DEBUG UpdateProduceImpl:19 - 
2023-09-01 16:27:36 DEBUG UpdateProduceImpl:19 - 
2023-09-01 20:29:08 DEBUG UpdateProduceImpl:19 - 
2023-09-01 20:57:58 DEBUG UpdateProduceImpl:19 - 
2023-09-01 21:31:01 DEBUG UpdateProduceImpl:19 - 
2023-09-01 21:31:58 DEBUG UpdateProduceImpl:19 - 
2023-09-05 13:51:35 ERROR UpdateController:35 - Unsupported message typeUpdate(updateId=119254427, message=null, inlineQuery=null, chosenInlineQuery=null, callbackQuery=null, editedMessage=null, channelPost=null, editedChannelPost=null, shippingQuery=null, preCheckoutQuery=null, poll=null, pollAnswer=null, myChatMember=ChatMemberUpdated(chat=Chat(id=549016323, type=private, title=null, firstName=Артем, lastName=Карпушенко, userName=Fenris066, photo=null, description=null, inviteLink=null, pinnedMessage=null, stickerSetName=null, canSetStickerSet=null, permissions=null, slowModeDelay=null, bio=null, linkedChatId=null, location=null, messageAutoDeleteTime=null, hasPrivateForwards=null, HasProtectedContent=null, joinToSendMessages=null, joinByRequest=null), from=User(id=549016323, firstName=Артем, isBot=false, lastName=Карпушенко, userName=Fenris066, languageCode=ru, canJoinGroups=null, canReadAllGroupMessages=null, supportInlineQueries=null, isPremium=null, addedToAttachmentMenu=null), date=1693914694, oldChatMember=ChatMemberMember(status=member, user=User(id=6527097812, firstName=fenris06-telegram-bot, isBot=true, lastName=null, userName=fenris06_telegram_bot, languageCode=null, canJoinGroups=null, canReadAllGroupMessages=null, supportInlineQueries=null, isPremium=null, addedToAttachmentMenu=null)), newChatMember=ChatMemberBanned(status=kicked, user=User(id=6527097812, firstName=fenris06-telegram-bot, isBot=true, lastName=null, userName=fenris06_telegram_bot, languageCode=null, canJoinGroups=null, canReadAllGroupMessages=null, supportInlineQueries=null, isPremium=null, addedToAttachmentMenu=null), untilDate=0), inviteLink=null), chatMember=null, chatJoinRequest=null)
2023-09-05 13:51:59 ERROR UpdateController:35 - Unsupported message typeUpdate(updateId=119254428, message=null, inlineQuery=null, chosenInlineQuery=null, callbackQuery=null, editedMessage=null, channelPost=null, editedChannelPost=null, shippingQuery=null, preCheckoutQuery=null, poll=null, pollAnswer=null, myChatMember=ChatMemberUpdated(chat=Chat(id=549016323, type=private, title=null, firstName=Артем, lastName=Карпушенко, userName=Fenris066, photo=null, description=null, inviteLink=null, pinnedMessage=null, stickerSetName=null, canSetStickerSet=null, permissions=null, slowModeDelay=null, bio=null, linkedChatId=null, location=null, messageAutoDeleteTime=null, hasPrivateForwards=null, HasProtectedContent=null, joinToSendMessages=null, joinByRequest=null), from=User(id=549016323, firstName=Артем, isBot=false, lastName=Карпушенко, userName=Fenris066, languageCode=ru, canJoinGroups=null, canReadAllGroupMessages=null, supportInlineQueries=null, isPremium=null, addedToAttachmentMenu=null), date=1693914719, oldChatMember=ChatMemberBanned(status=kicked, user=User(id=6527097812, firstName=fenris06-telegram-bot, isBot=true, lastName=null, userName=fenris06_telegram_bot, languageCode=null, canJoinGroups=null, canReadAllGroupMessages=null, supportInlineQueries=null, isPremium=null, addedToAttachmentMenu=null), untilDate=0), newChatMember=ChatMemberMember(status=member, user=User(id=6527097812, firstName=fenris06-telegram-bot, isBot=true, lastName=null, userName=fenris06_telegram_bot, languageCode=null, canJoinGroups=null, canReadAllGroupMessages=null, supportInlineQueries=null, isPremium=null, addedToAttachmentMenu=null)), inviteLink=null), chatMember=null, chatJoinRequest=null)
2023-09-05 13:51:59 DEBUG UpdateProduceImpl:19 - /start
2023-09-05 13:52:27 DEBUG UpdateProduceImpl:19 - 
2023-09-05 13:52:50 DEBUG UpdateProduceImpl:19 - /help
2023-09-05 13:52:58 DEBUG UpdateProduceImpl:19 - /registration
2023-09-05 13:53:59 DEBUG UpdateProduceImpl:19 - reg
2023-09-05 13:54:05 DEBUG UpdateProduceImpl:19 - xabover208@horsgit.com
2023-09-05 13:56:17 DEBUG UpdateProduceImpl:19 - xabover208@horsgit.com
2023-09-05 13:58:00 DEBUG UpdateProduceImpl:19 - 
2023-09-05 14:00:53 DEBUG UpdateProduceImpl:19 - /registration
2023-09-05 14:01:06 DEBUG UpdateProduceImpl:19 - fenris06@rambler.ru
2023-09-05 14:46:46 DEBUG UpdateProduceImpl:19 - 
2023-09-05 14:47:25 DEBUG UpdateProduceImpl:19 - 
2023-09-05 14:48:59 ERROR UpdateController:35 - Unsupported message typeUpdate(updateId=119254441, message=null, inlineQuery=null, chosenInlineQuery=null, callbackQuery=null, editedMessage=null, channelPost=null, editedChannelPost=null, shippingQuery=null, preCheckoutQuery=null, poll=null, pollAnswer=null, myChatMember=ChatMemberUpdated(chat=Chat(id=549016323, type=private, title=null, firstName=Артем, lastName=Карпушенко, userName=Fenris066, photo=null, description=null, inviteLink=null, pinnedMessage=null, stickerSetName=null, canSetStickerSet=null, permissions=null, slowModeDelay=null, bio=null, linkedChatId=null, location=null, messageAutoDeleteTime=null, hasPrivateForwards=null, HasProtectedContent=null, joinToSendMessages=null, joinByRequest=null), from=User(id=549016323, firstName=Артем, isBot=false, lastName=Карпушенко, userName=Fenris066, languageCode=ru, canJoinGroups=null, canReadAllGroupMessages=null, supportInlineQueries=null, isPremium=null, addedToAttachmentMenu=null), date=1693918139, oldChatMember=ChatMemberMember(status=member, user=User(id=6527097812, firstName=fenris06-telegram-bot, isBot=true, lastName=null, userName=fenris06_telegram_bot, languageCode=null, canJoinGroups=null, canReadAllGroupMessages=null, supportInlineQueries=null, isPremium=null, addedToAttachmentMenu=null)), newChatMember=ChatMemberBanned(status=kicked, user=User(id=6527097812, firstName=fenris06-telegram-bot, isBot=true, lastName=null, userName=fenris06_telegram_bot, languageCode=null, canJoinGroups=null, canReadAllGroupMessages=null, supportInlineQueries=null, isPremium=null, addedToAttachmentMenu=null), untilDate=0), inviteLink=null), chatMember=null, chatJoinRequest=null)
2023-09-05 14:49:00 ERROR UpdateController:35 - Unsupported message typeUpdate(updateId=119254442, message=null, inlineQuery=null, chosenInlineQuery=null, callbackQuery=null, editedMessage=null, channelPost=null, editedChannelPost=null, shippingQuery=null, preCheckoutQuery=null, poll=null, pollAnswer=null, myChatMember=ChatMemberUpdated(chat=Chat(id=549016323, type=private, title=null, firstName=Артем, lastName=Карпушенко, userName=Fenris066, photo=null, description=null, inviteLink=null, pinnedMessage=null, stickerSetName=null, canSetStickerSet=null, permissions=null, slowModeDelay=null, bio=null, linkedChatId=null, location=null, messageAutoDeleteTime=null, hasPrivateForwards=null, HasProtectedContent=null, joinToSendMessages=null, joinByRequest=null), from=User(id=549016323, firstName=Артем, isBot=false, lastName=Карпушенко, userName=Fenris066, languageCode=ru, canJoinGroups=null, canReadAllGroupMessages=null, supportInlineQueries=null, isPremium=null, addedToAttachmentMenu=null), date=1693918140, oldChatMember=ChatMemberBanned(status=kicked, user=User(id=6527097812, firstName=fenris06-telegram-bot, isBot=true, lastName=null, userName=fenris06_telegram_bot, languageCode=null, canJoinGroups=null, canReadAllGroupMessages=null, supportInlineQueries=null, isPremium=null, addedToAttachmentMenu=null), untilDate=0), newChatMember=ChatMemberMember(status=member, user=User(id=6527097812, firstName=fenris06-telegram-bot, isBot=true, lastName=null, userName=fenris06_telegram_bot, languageCode=null, canJoinGroups=null, canReadAllGroupMessages=null, supportInlineQueries=null, isPremium=null, addedToAttachmentMenu=null)), inviteLink=null), chatMember=null, chatJoinRequest=null)
2023-09-05 14:49:00 DEBUG UpdateProduceImpl:19 - /start
2023-09-05 14:49:00 ERROR TelegramBot:52 - org.telegram.telegrambots.meta.exceptions.TelegramApiValidationException: Text parameter can't be empty in method: SendMessage(chatId=549016323, text=, parseMode=null, disableWebPagePreview=null, disableNotification=null, replyToMessageId=null, replyMarkup=null, entities=null, allowSendingWithoutReply=null, protectContent=null)
2023-09-05 14:49:16 DEBUG UpdateProduceImpl:19 - 
2023-09-05 14:59:58 DEBUG UpdateProduceImpl:19 - 
2023-09-05 15:03:49 DEBUG UpdateProduceImpl:19 - 
2023-09-05 15:05:17 DEBUG UpdateProduceImpl:19 - /help
2023-09-05 15:05:17 ERROR TelegramBot:52 - org.telegram.telegrambots.meta.exceptions.TelegramApiValidationException: Text parameter can't be empty in method: SendMessage(chatId=549016323, text=, parseMode=null, disableWebPagePreview=null, disableNotification=null, replyToMessageId=null, replyMarkup=null, entities=null, allowSendingWithoutReply=null, protectContent=null)
2023-09-05 15:09:26 DEBUG UpdateProduceImpl:19 - /help
2023-09-05 15:09:26 ERROR TelegramBot:52 - org.telegram.telegrambots.meta.exceptions.TelegramApiValidationException: Text parameter can't be empty in method: SendMessage(chatId=549016323, text=, parseMode=null, disableWebPagePreview=null, disableNotification=null, replyToMessageId=null, replyMarkup=null, entities=null, allowSendingWithoutReply=null, protectContent=null)
2023-09-05 15:09:49 DEBUG UpdateProduceImpl:19 - 
2023-09-05 15:15:07 DEBUG UpdateProduceImpl:19 - 
2023-09-05 15:16:18 ERROR UpdateController:35 - Unsupported message typeUpdate(updateId=119254451, message=null, inlineQuery=null, chosenInlineQuery=null, callbackQuery=null, editedMessage=null, channelPost=null, editedChannelPost=null, shippingQuery=null, preCheckoutQuery=null, poll=null, pollAnswer=null, myChatMember=ChatMemberUpdated(chat=Chat(id=549016323, type=private, title=null, firstName=Артем, lastName=Карпушенко, userName=Fenris066, photo=null, description=null, inviteLink=null, pinnedMessage=null, stickerSetName=null, canSetStickerSet=null, permissions=null, slowModeDelay=null, bio=null, linkedChatId=null, location=null, messageAutoDeleteTime=null, hasPrivateForwards=null, HasProtectedContent=null, joinToSendMessages=null, joinByRequest=null), from=User(id=549016323, firstName=Артем, isBot=false, lastName=Карпушенко, userName=Fenris066, languageCode=ru, canJoinGroups=null, canReadAllGroupMessages=null, supportInlineQueries=null, isPremium=null, addedToAttachmentMenu=null), date=1693919778, oldChatMember=ChatMemberMember(status=member, user=User(id=6527097812, firstName=fenris06-telegram-bot, isBot=true, lastName=null, userName=fenris06_telegram_bot, languageCode=null, canJoinGroups=null, canReadAllGroupMessages=null, supportInlineQueries=null, isPremium=null, addedToAttachmentMenu=null)), newChatMember=ChatMemberBanned(status=kicked, user=User(id=6527097812, firstName=fenris06-telegram-bot, isBot=true, lastName=null, userName=fenris06_telegram_bot, languageCode=null, canJoinGroups=null, canReadAllGroupMessages=null, supportInlineQueries=null, isPremium=null, addedToAttachmentMenu=null), untilDate=0), inviteLink=null), chatMember=null, chatJoinRequest=null)
2023-09-05 15:16:20 ERROR UpdateController:35 - Unsupported message typeUpdate(updateId=119254452, message=null, inlineQuery=null, chosenInlineQuery=null, callbackQuery=null, editedMessage=null, channelPost=null, editedChannelPost=null, shippingQuery=null, preCheckoutQuery=null, poll=null, pollAnswer=null, myChatMember=ChatMemberUpdated(chat=Chat(id=549016323, type=private, title=null, firstName=Артем, lastName=Карпушенко, userName=Fenris066, photo=null, description=null, inviteLink=null, pinnedMessage=null, stickerSetName=null, canSetStickerSet=null, permissions=null, slowModeDelay=null, bio=null, linkedChatId=null, location=null, messageAutoDeleteTime=null, hasPrivateForwards=null, HasProtectedContent=null, joinToSendMessages=null, joinByRequest=null), from=User(id=549016323, firstName=Артем, isBot=false, lastName=Карпушенко, userName=Fenris066, languageCode=ru, canJoinGroups=null, canReadAllGroupMessages=null, supportInlineQueries=null, isPremium=null, addedToAttachmentMenu=null), date=1693919780, oldChatMember=ChatMemberBanned(status=kicked, user=User(id=6527097812, firstName=fenris06-telegram-bot, isBot=true, lastName=null, userName=fenris06_telegram_bot, languageCode=null, canJoinGroups=null, canReadAllGroupMessages=null, supportInlineQueries=null, isPremium=null, addedToAttachmentMenu=null), untilDate=0), newChatMember=ChatMemberMember(status=member, user=User(id=6527097812, firstName=fenris06-telegram-bot, isBot=true, lastName=null, userName=fenris06_telegram_bot, languageCode=null, canJoinGroups=null, canReadAllGroupMessages=null, supportInlineQueries=null, isPremium=null, addedToAttachmentMenu=null)), inviteLink=null), chatMember=null, chatJoinRequest=null)
2023-09-05 15:16:20 DEBUG UpdateProduceImpl:19 - /start
2023-09-05 15:16:20 ERROR TelegramBot:52 - org.telegram.telegrambots.meta.exceptions.TelegramApiValidationException: Text parameter can't be empty in method: SendMessage(chatId=549016323, text=, parseMode=null, disableWebPagePreview=null, disableNotification=null, replyToMessageId=null, replyMarkup=null, entities=null, allowSendingWithoutReply=null, protectContent=null)
2023-09-05 15:16:29 DEBUG UpdateProduceImpl:19 - /start
2023-09-05 15:16:29 ERROR TelegramBot:52 - org.telegram.telegrambots.meta.exceptions.TelegramApiValidationException: Text parameter can't be empty in method: SendMessage(chatId=549016323, text=, parseMode=null, disableWebPagePreview=null, disableNotification=null, replyToMessageId=null, replyMarkup=null, entities=null, allowSendingWithoutReply=null, protectContent=null)
2023-09-05 15:16:58 DEBUG UpdateProduceImpl:19 - 
2023-09-05 15:21:03 DEBUG UpdateProduceImpl:19 - /help
2023-09-05 15:21:03 ERROR TelegramBot:52 - org.telegram.telegrambots.meta.exceptions.TelegramApiValidationException: Text parameter can't be empty in method: SendMessage(chatId=549016323, text=, parseMode=null, disableWebPagePreview=null, disableNotification=null, replyToMessageId=null, replyMarkup=null, entities=null, allowSendingWithoutReply=null, protectContent=null)
2023-09-05 15:22:00 DEBUG UpdateProduceImpl:19 - 
2023-09-05 17:49:13 DEBUG UpdateProduceImpl:19 - 
2023-09-05 17:49:41 DEBUG UpdateProduceImpl:19 - 
2023-09-05 18:37:51 DEBUG UpdateProduceImpl:19 - 
